Release 14.7 - xst P.20131013 (lin)
Copyright (c) 1995-2013 Xilinx, Inc.  All rights reserved.
--> 
Parameter TMPDIR set to xst/projnav.tmp


Total REAL time to Xst completion: 0.00 secs
Total CPU time to Xst completion: 0.07 secs
 
--> 
Parameter xsthdpdir set to xst


Total REAL time to Xst completion: 0.00 secs
Total CPU time to Xst completion: 0.07 secs
 
--> 
Reading design: toplevel.prj

TABLE OF CONTENTS
  1) Synthesis Options Summary
  2) HDL Parsing
  3) HDL Elaboration
  4) HDL Synthesis
       4.1) HDL Synthesis Report
  5) Advanced HDL Synthesis
       5.1) Advanced HDL Synthesis Report
  6) Low Level Synthesis
  7) Partition Report
  8) Design Summary
       8.1) Primitive and Black Box Usage
       8.2) Device utilization summary
       8.3) Partition Resource Summary
       8.4) Timing Report
            8.4.1) Clock Information
            8.4.2) Asynchronous Control Signals Information
            8.4.3) Timing Summary
            8.4.4) Timing Details
            8.4.5) Cross Clock Domains Report


=========================================================================
*                      Synthesis Options Summary                        *
=========================================================================
---- Source Parameters
Input File Name                    : "toplevel.prj"
Ignore Synthesis Constraint File   : NO

---- Target Parameters
Output File Name                   : "toplevel"
Output Format                      : NGC
Target Device                      : xc6slx9-2-tqg144

---- Source Options
Top Module Name                    : toplevel
Automatic FSM Extraction           : YES
FSM Encoding Algorithm             : Auto
Safe Implementation                : No
FSM Style                          : LUT
RAM Extraction                     : Yes
RAM Style                          : Auto
ROM Extraction                     : Yes
Shift Register Extraction          : YES
ROM Style                          : Auto
Resource Sharing                   : YES
Asynchronous To Synchronous        : NO
Shift Register Minimum Size        : 2
Use DSP Block                      : Auto
Automatic Register Balancing       : No

---- Target Options
LUT Combining                      : Auto
Reduce Control Sets                : Auto
Add IO Buffers                     : YES
Global Maximum Fanout              : 100000
Add Generic Clock Buffer(BUFG)     : 16
Register Duplication               : YES
Optimize Instantiated Primitives   : NO
Use Clock Enable                   : Auto
Use Synchronous Set                : Auto
Use Synchronous Reset              : Auto
Pack IO Registers into IOBs        : Auto
Equivalent register Removal        : YES

---- General Options
Optimization Goal                  : Speed
Optimization Effort                : 1
Power Reduction                    : NO
Keep Hierarchy                     : No
Netlist Hierarchy                  : As_Optimized
RTL Output                         : Yes
Global Optimization                : AllClockNets
Read Cores                         : YES
Write Timing Constraints           : NO
Cross Clock Analysis               : NO
Hierarchy Separator                : /
Bus Delimiter                      : <>
Case Specifier                     : Maintain
Slice Utilization Ratio            : 100
BRAM Utilization Ratio             : 100
DSP48 Utilization Ratio            : 100
Auto BRAM Packing                  : NO
Slice Utilization Ratio Delta      : 5

=========================================================================


=========================================================================
*                          HDL Parsing                                  *
=========================================================================
Parsing VHDL file "/home/cmp/git/tek7854mpu/debugger/debug_hdl/serial_tx.vhd" into library work
Parsing entity <serial_tx>.
Parsing architecture <behavioral> of entity <serial_tx>.
Parsing VHDL file "/home/cmp/git/tek7854mpu/debugger/debug_hdl/toplevel.vhd" into library work
Parsing entity <toplevel>.
Parsing architecture <Behavioral> of entity <toplevel>.

=========================================================================
*                            HDL Elaboration                            *
=========================================================================

Elaborating entity <toplevel> (architecture <Behavioral>) from library <work>.

Elaborating entity <serial_tx> (architecture <behavioral>) with generics from library <work>.

=========================================================================
*                           HDL Synthesis                               *
=========================================================================

Synthesizing Unit <toplevel>.
    Related source file is "/home/cmp/git/tek7854mpu/debugger/debug_hdl/toplevel.vhd".
    Found 31-bit register for signal <rom_addr>.
    Found 1-bit register for signal <ser_ready_last>.
    Found 31-bit adder for signal <rom_addr[30]_GND_4_o_add_2_OUT> created at line 60.
    Found 32x8-bit Read Only RAM for signal <ser_data_in>
    Summary:
	inferred   1 RAM(s).
	inferred   1 Adder/Subtractor(s).
	inferred  32 D-type flip-flop(s).
Unit <toplevel> synthesized.

Synthesizing Unit <serial_tx>.
    Related source file is "/home/cmp/git/tek7854mpu/debugger/debug_hdl/serial_tx.vhd".
        width = 8
        stop_bits = 1
    Found 1-bit register for signal <baud_clk_edge>.
    Found 8-bit register for signal <data_shift_reg>.
    Found 31-bit register for signal <bits_transmitted>.
    Found 1-bit register for signal <tx_out>.
    Found 1-bit register for signal <ready>.
    Found 2-bit register for signal <state>.
    Found 31-bit register for signal <baud_divider>.
    Found finite state machine <FSM_0> for signal <state>.
    -----------------------------------------------------------------------
    | States             | 4                                              |
    | Transitions        | 11                                             |
    | Inputs             | 4                                              |
    | Outputs            | 3                                              |
    | Clock              | clk (rising_edge)                              |
    | Power Up State     | state_init                                     |
    | Encoding           | auto                                           |
    | Implementation     | LUT                                            |
    -----------------------------------------------------------------------
    Found 31-bit adder for signal <baud_divider[30]_GND_5_o_add_1_OUT> created at line 44.
    Found 31-bit adder for signal <bits_transmitted[30]_GND_5_o_add_14_OUT> created at line 113.
    Found 31-bit 3-to-1 multiplexer for signal <state[1]_bits_transmitted[30]_wide_mux_19_OUT> created at line 61.
    Summary:
	inferred   2 Adder/Subtractor(s).
	inferred  73 D-type flip-flop(s).
	inferred  13 Multiplexer(s).
	inferred   1 Finite State Machine(s).
Unit <serial_tx> synthesized.

=========================================================================
HDL Synthesis Report

Macro Statistics
# RAMs                                                 : 1
 32x8-bit single-port Read Only RAM                    : 1
# Adders/Subtractors                                   : 3
 31-bit adder                                          : 3
# Registers                                            : 8
 1-bit register                                        : 4
 31-bit register                                       : 3
 8-bit register                                        : 1
# Multiplexers                                         : 13
 1-bit 2-to-1 multiplexer                              : 7
 31-bit 2-to-1 multiplexer                             : 4
 31-bit 3-to-1 multiplexer                             : 1
 8-bit 2-to-1 multiplexer                              : 1
# FSMs                                                 : 1

=========================================================================

=========================================================================
*                       Advanced HDL Synthesis                          *
=========================================================================


Synthesizing (advanced) Unit <serial_tx>.
The following registers are absorbed into counter <baud_divider>: 1 register on signal <baud_divider>.
Unit <serial_tx> synthesized (advanced).

Synthesizing (advanced) Unit <toplevel>.
The following registers are absorbed into counter <rom_addr>: 1 register on signal <rom_addr>.
INFO:Xst:3231 - The small RAM <Mram_ser_data_in> will be implemented on LUTs in order to maximize performance and save block RAM resources. If you want to force its implementation on block, use option/constraint ram_style.
    -----------------------------------------------------------------------
    | ram_type           | Distributed                         |          |
    -----------------------------------------------------------------------
    | Port A                                                              |
    |     aspect ratio   | 32-word x 8-bit                     |          |
    |     weA            | connected to signal <GND>           | high     |
    |     addrA          | connected to signal <rom_addr<4:0>> |          |
    |     diA            | connected to signal <GND>           |          |
    |     doA            | connected to signal <ser_data_in>   |          |
    -----------------------------------------------------------------------
Unit <toplevel> synthesized (advanced).

=========================================================================
Advanced HDL Synthesis Report

Macro Statistics
# RAMs                                                 : 1
 32x8-bit single-port distributed Read Only RAM        : 1
# Adders/Subtractors                                   : 1
 31-bit adder                                          : 1
# Counters                                             : 2
 31-bit up counter                                     : 2
# Registers                                            : 43
 Flip-Flops                                            : 43
# Multiplexers                                         : 20
 1-bit 2-to-1 multiplexer                              : 15
 31-bit 2-to-1 multiplexer                             : 4
 31-bit 3-to-1 multiplexer                             : 1
# FSMs                                                 : 1

=========================================================================

=========================================================================
*                         Low Level Synthesis                           *
=========================================================================
Analyzing FSM <MFsm> for best encoding.
Optimizing FSM <transmitter/FSM_0> on signal <state[1:2]> with gray encoding.
----------------------------
 State          | Encoding
----------------------------
 state_init     | 00
 state_startbit | 01
 state_tx_data  | 11
 state_stopbits | 10
----------------------------

Optimizing unit <toplevel> ...

Optimizing unit <serial_tx> ...
WARNING:Xst:1710 - FF/Latch <transmitter/data_shift_reg_7> (without init value) has a constant value of 0 in block <toplevel>. This FF/Latch will be trimmed during the optimization process.

Mapping all equations...
Building and optimizing final netlist ...
Found area constraint ratio of 100 (+ 5) on block toplevel, actual ratio is 3.
FlipFlop transmitter/baud_clk_edge has been replicated 1 time(s)

Final Macro Processing ...

=========================================================================
Final Register Report

Macro Statistics
# Registers                                            : 107
 Flip-Flops                                            : 107

=========================================================================

=========================================================================
*                           Partition Report                            *
=========================================================================

Partition Implementation Status
-------------------------------

  No Partitions were found in this design.

-------------------------------

=========================================================================
*                            Design Summary                             *
=========================================================================

Top Level Output File Name         : toplevel.ngc

Primitive and Black Box Usage:
------------------------------
# BELS                             : 389
#      GND                         : 1
#      INV                         : 4
#      LUT1                        : 90
#      LUT2                        : 36
#      LUT3                        : 3
#      LUT4                        : 5
#      LUT5                        : 46
#      LUT6                        : 20
#      MUXCY                       : 90
#      VCC                         : 1
#      XORCY                       : 93
# FlipFlops/Latches                : 107
#      FD                          : 69
#      FDE                         : 7
#      FDRE                        : 31
# Clock Buffers                    : 1
#      BUFGP                       : 1
# IO Buffers                       : 3
#      OBUF                        : 3

Device utilization summary:
---------------------------

Selected Device : 6slx9tqg144-2 


Slice Logic Utilization: 
 Number of Slice Registers:             107  out of  11440     0%  
 Number of Slice LUTs:                  204  out of   5720     3%  
    Number used as Logic:               204  out of   5720     3%  

Slice Logic Distribution: 
 Number of LUT Flip Flop pairs used:    205
   Number with an unused Flip Flop:      98  out of    205    47%  
   Number with an unused LUT:             1  out of    205     0%  
   Number of fully used LUT-FF pairs:   106  out of    205    51%  
   Number of unique control sets:         3

IO Utilization: 
 Number of IOs:                           4
 Number of bonded IOBs:                   4  out of    102     3%  

Specific Feature Utilization:
 Number of BUFG/BUFGCTRLs:                1  out of     16     6%  

---------------------------
Partition Resource Summary:
---------------------------

  No Partitions were found in this design.

---------------------------


=========================================================================
Timing Report

NOTE: THESE TIMING NUMBERS ARE ONLY A SYNTHESIS ESTIMATE.
      FOR ACCURATE TIMING INFORMATION PLEASE REFER TO THE TRACE REPORT
      GENERATED AFTER PLACE-and-ROUTE.

Clock Information:
------------------
-----------------------------------+------------------------+-------+
Clock Signal                       | Clock buffer(FF name)  | Load  |
-----------------------------------+------------------------+-------+
clk                                | BUFGP                  | 107   |
-----------------------------------+------------------------+-------+

Asynchronous Control Signals Information:
----------------------------------------
No asynchronous control signals found in this design

Timing Summary:
---------------
Speed Grade: -2

   Minimum period: 5.780ns (Maximum Frequency: 173.010MHz)
   Minimum input arrival time before clock: No path found
   Maximum output required time after clock: 5.213ns
   Maximum combinational path delay: No path found

Timing Details:
---------------
All values displayed in nanoseconds (ns)

=========================================================================
Timing constraint: Default period analysis for Clock 'clk'
  Clock period: 5.780ns (frequency: 173.010MHz)
  Total number of paths / destination ports: 4894 / 176
-------------------------------------------------------------------------
Delay:               5.780ns (Levels of Logic = 4)
  Source:            transmitter/bits_transmitted_21 (FF)
  Destination:       transmitter/bits_transmitted_23 (FF)
  Source Clock:      clk rising
  Destination Clock: clk rising

  Data Path: transmitter/bits_transmitted_21 to transmitter/bits_transmitted_23
                                Gate     Net
    Cell:in->out      fanout   Delay   Delay  Logical Name (Net Name)
    ----------------------------------------  ------------
     FD:C->Q               3   0.525   1.221  transmitter/bits_transmitted_21 (transmitter/bits_transmitted_21)
     LUT6:I0->O            1   0.254   0.958  transmitter/GND_5_o_bits_transmitted[30]_equal_14_o<30>14 (transmitter/GND_5_o_bits_transmitted[30]_equal_14_o<30>14)
     LUT5:I1->O            4   0.254   0.804  transmitter/GND_5_o_bits_transmitted[30]_equal_14_o<30>16 (transmitter/GND_5_o_bits_transmitted[30]_equal_14_o<30>1)
     LUT6:I5->O           16   0.254   1.182  transmitter/Mmux_state[1]_bits_transmitted[30]_wide_mux_19_OUT1111 (transmitter/Mmux_state[1]_bits_transmitted[30]_wide_mux_19_OUT111)
     LUT5:I4->O            1   0.254   0.000  transmitter/Mmux_state[1]_bits_transmitted[30]_wide_mux_19_OUT110 (transmitter/state[1]_bits_transmitted[30]_wide_mux_19_OUT<0>)
     FD:D                      0.074          transmitter/bits_transmitted_0
    ----------------------------------------
    Total                      5.780ns (1.615ns logic, 4.165ns route)
                                       (27.9% logic, 72.1% route)

=========================================================================
Timing constraint: Default OFFSET OUT AFTER for Clock 'clk'
  Total number of paths / destination ports: 3 / 3
-------------------------------------------------------------------------
Offset:              5.213ns (Levels of Logic = 2)
  Source:            transmitter/ready (FF)
  Destination:       led (PAD)
  Source Clock:      clk rising

  Data Path: transmitter/ready to led
                                Gate     Net
    Cell:in->out      fanout   Delay   Delay  Logical Name (Net Name)
    ----------------------------------------  ------------
     FD:C->Q               5   0.525   0.840  transmitter/ready (transmitter/ready)
     INV:I->O              1   0.255   0.681  led1_INV_0 (led_OBUF)
     OBUF:I->O                 2.912          led_OBUF (led)
    ----------------------------------------
    Total                      5.213ns (3.692ns logic, 1.521ns route)
                                       (70.8% logic, 29.2% route)

=========================================================================

Cross Clock Domains Report:
--------------------------

Clock to Setup on destination clock clk
---------------+---------+---------+---------+---------+
               | Src:Rise| Src:Fall| Src:Rise| Src:Fall|
Source Clock   |Dest:Rise|Dest:Rise|Dest:Fall|Dest:Fall|
---------------+---------+---------+---------+---------+
clk            |    5.780|         |         |         |
---------------+---------+---------+---------+---------+

=========================================================================


Total REAL time to Xst completion: 6.00 secs
Total CPU time to Xst completion: 6.29 secs
 
--> 


Total memory usage is 127684 kilobytes

Number of errors   :    0 (   0 filtered)
Number of warnings :    1 (   0 filtered)
Number of infos    :    1 (   0 filtered)

